On branch v0
Untracked files:
  (use "git add <file>..." to include in what will be committed)

	.README.swp
	msysgit.log

nothing added to commit but untracked files present (use "git add" to track)
On branch v0
Untracked files:
  (use "git add <file>..." to include in what will be committed)

	.README.swp
	.readme.swo
	grit/
	msysgit.log
	mygrit/

nothing added to commit but untracked files present (use "git add" to track)
On branch v0
Untracked files:
  (use "git add <file>..." to include in what will be committed)

	.README.swp
	.readme.swo
	grit/
	msysgit.log
	mygrit/

nothing added to commit but untracked files present (use "git add" to track)
On branch v0
Changes to be committed:
  (use "git reset HEAD <file>..." to unstage)

	new file:   .README.swp
	new file:   .readme.swo
	new file:   grit
	new file:   msysgit.log
	new file:   mygrit

On branch v0
Changes to be committed:
  (use "git reset HEAD <file>..." to unstage)

	new file:   .README.swp
	new file:   .readme.swo
	new file:   grit
	new file:   msysgit.log
	new file:   mygrit

Changes not staged for commit:
  (use "git add <file>..." to update what will be committed)
  (use "git checkout -- <file>..." to discard changes in working directory)

	modified:   msysgit.log

On branch v0
Changes to be committed:
  (use "git reset HEAD <file>..." to unstage)

	new file:   .README.swp
	new file:   .readme.swo
	new file:   grit
	new file:   msysgit.log
	new file:   mygrit

Changes not staged for commit:
  (use "git add <file>..." to update what will be committed)
  (use "git checkout -- <file>..." to discard changes in working directory)

	modified:   msysgit.log

On branch v0
Changes to be committed:
  (use "git reset HEAD <file>..." to unstage)

	new file:   .README.swp
	new file:   .readme.swo
	new file:   grit
	new file:   msysgit.log
	new file:   mygrit

Changes not staged for commit:
  (use "git add <file>..." to update what will be committed)
  (use "git checkout -- <file>..." to discard changes in working directory)
  (commit or discard the untracked or modified content in submodules)

	modified:   grit (untracked content)
	modified:   msysgit.log

Untracked files:
  (use "git add <file>..." to include in what will be committed)

	ticgit/

On branch testing
Changes to be committed:
  (use "git reset HEAD <file>..." to unstage)

	new file:   .README.swp
	new file:   .readme.swo
	new file:   grit
	new file:   msysgit.log
	new file:   mygrit

Changes not staged for commit:
  (use "git add <file>..." to update what will be committed)
  (use "git checkout -- <file>..." to discard changes in working directory)
  (commit or discard the untracked or modified content in submodules)

	modified:   grit (untracked content)
	modified:   msysgit.log

Untracked files:
  (use "git add <file>..." to include in what will be committed)

	ticgit/

On branch master
Changes to be committed:
  (use "git reset HEAD <file>..." to unstage)

	new file:   .README.swp
	new file:   .readme.swo
	new file:   grit
	new file:   msysgit.log
	new file:   mygrit

Changes not staged for commit:
  (use "git add <file>..." to update what will be committed)
  (use "git checkout -- <file>..." to discard changes in working directory)
  (commit or discard the untracked or modified content in submodules)

	modified:   grit (untracked content)
	modified:   msysgit.log

Untracked files:
  (use "git add <file>..." to include in what will be committed)

	ticgit/

On branch master
Changes not staged for commit:
  (use "git add <file>..." to update what will be committed)
  (use "git checkout -- <file>..." to discard changes in working directory)
  (commit or discard the untracked or modified content in submodules)

	modified:   grit (untracked content)

Untracked files:
  (use "git add <file>..." to include in what will be committed)

	ticgit/

no changes added to commit (use "git add" and/or "git commit -a")
